
   FAIL  Tests\Feature\UserTest
  ⨯ get user list                                                        0.08s  
  ⨯ get detail
  ✓ get non existing user detail
  ────────────────────────────────────────────────────────────────────────────  
   FAILED  Tests\Feature\UserTest > get user list                               
  Expected response status code [200] but received 404.
Failed asserting that 404 is identical to 200.

  at tests/Feature/UserTest.php:16
     12▕     {
     13▕         //En el metodo GET le podemos también pasar los headers
     14▕         $response = $this->get('/users');
     15▕         //Con assert podemos comprobar estado, si se ha descargado, si acceso prohibido...
  ➜  16▕         $response -> assertStatus(200);
     17▕         //Comprobamos que el array tiene las propiedades que nos interesa
     18▕         $response -> assertJsonStructure([
     19▕             ['id','name','email','email_verified_at','created_at','updated_at']
     20▕         ]);

  ────────────────────────────────────────────────────────────────────────────  
   FAILED  Tests\Feature\UserTest > get detail                                  
  Expected response status code [200] but received 404.
Failed asserting that 404 is identical to 200.

  at tests/Feature/UserTest.php:32
     28▕ 
     29▕     public function test_get_detail(): void
     30▕     {
     31▕         $response = $this->get('/users/1');
  ➜  32▕         $response -> assertStatus(200);
     33▕         //Comprobamos que el array tiene las propiedades que nos interesa, pero ahora no es array de usuarios si no un solo objeto
     34▕         $response -> assertJsonStructure(['id','name','email','email_verified_at','created_at','updated_at' ]);
     35▕         $response -> assertJsobFragment(['name' => 'Juanjo' ]);
     36▕     }


  Tests:    2 failed, 1 passed (3 assertions)
  Duration: 0.15s

